<?xml version="1.0" encoding="UTF-8"?>
<!-- Generated by org.testng.reporters.JUnitXMLReporter -->
<testsuite hostname="W57879" ignored="0" name="Test" tests="1" failures="0" timestamp="15 feb. 2019 09:59:28 GMT" time="0.029" errors="0">
  <testcase name="@BeforeSuite setupSuite" time="0.042" classname="com.learnautomation.testcases.BaseClass">
    <failure type="java.lang.NoClassDefFoundError" message="org/dom4j/DocumentException">
      <![CDATA[java.lang.NoClassDefFoundError: org/dom4j/DocumentException
at org.apache.poi.openxml4j.opc.OPCPackage.init(OPCPackage.java:149)
at org.apache.poi.openxml4j.opc.OPCPackage.<init>(OPCPackage.java:136)
at org.apache.poi.openxml4j.opc.Package.<init>(Package.java:54)
at org.apache.poi.openxml4j.opc.ZipPackage.<init>(ZipPackage.java:98)
at org.apache.poi.openxml4j.opc.OPCPackage.open(OPCPackage.java:199)
at org.apache.poi.openxml4j.opc.OPCPackage.open(OPCPackage.java:178)
at org.apache.poi.util.PackageHelper.open(PackageHelper.java:53)
at org.apache.poi.xssf.usermodel.XSSFWorkbook.<init>(XSSFWorkbook.java:176)
at com.learnautomation.utility.ExcelDataProvider.<init>(ExcelDataProvider.java:18)
at com.learnautomation.testcases.BaseClass.setupSuite(BaseClass.java:19)
Caused by: java.lang.ClassNotFoundException: org.dom4j.DocumentException
at java.net.URLClassLoader.findClass(URLClassLoader.java:381)
at java.lang.ClassLoader.loadClass(ClassLoader.java:424)
at sun.misc.Launcher$AppClassLoader.loadClass(Launcher.java:335)
at java.lang.ClassLoader.loadClass(ClassLoader.java:357)
... 30 more
... Removed 20 stack frames]]>
    </failure>
  </testcase> <!-- @BeforeSuite setupSuite -->
  <testcase name="@BeforeClass setup" time="0.0" classname="com.learnautomation.testcases.BaseClass">
    <skipped/>
  </testcase> <!-- @BeforeClass setup -->
  <testcase name="@AfterClass teardown" time="0.0" classname="com.learnautomation.testcases.BaseClass">
    <skipped/>
  </testcase> <!-- @AfterClass teardown -->
  <testcase name="loginApp" time="0.0" classname="com.learnautomation.testcases.LoginTestCRM">
    <skipped/>
  </testcase> <!-- loginApp -->
</testsuite> <!-- Test -->
